<?xml version="1.0" encoding="UTF-8"?>
<testng-results total="1" passed="1" failed="0" skipped="0">
  <reporter-output>
  </reporter-output>
  <suite started-at="2021-09-01T15:13:53Z" name="Default suite" finished-at="2021-09-01T15:13:59Z" duration-ms="6533">
    <groups>
    </groups>
    <test started-at="2021-09-01T15:13:53Z" name="Default test" finished-at="2021-09-01T15:13:59Z" duration-ms="6533">
      <class name="com.enterprise.BaseTest">
        <test-method signature="baseTestNav()[pri:0, instance:com.enterprise.BaseTest@4b34fff9]" started-at="2021-09-01T11:13:53Z" name="baseTestNav" finished-at="2021-09-01T11:13:59Z" duration-ms="6511" status="PASS">
          <reporter-output>
          </reporter-output>
        </test-method> <!-- baseTestNav -->
      </class> <!-- com.enterprise.BaseTest -->
    </test> <!-- Default test -->
  </suite> <!-- Default suite -->
</testng-results>
